  irp.c
D:\GitHub\FreeRDP\winpr\include\winpr/nt.h(380): warning C4005: STATUS_NO_SUCH_LOGON_SESSION: изменение макроопределения
  C:\Program Files (x86)\Windows Kits\10\Include\10.0.15063.0\um\wincred.h(144): note: см. предыдущее определение "STATUS_NO_SUCH_LOGON_SESSION"
D:\GitHub\FreeRDP\winpr\include\winpr/nt.h(385): warning C4005: STATUS_NO_SUCH_USER: изменение макроопределения
  C:\Program Files (x86)\Windows Kits\10\Include\10.0.15063.0\um\wincred.h(145): note: см. предыдущее определение "STATUS_NO_SUCH_USER"
  devman.c
D:\GitHub\FreeRDP\winpr\include\winpr/nt.h(380): warning C4005: STATUS_NO_SUCH_LOGON_SESSION: изменение макроопределения
  C:\Program Files (x86)\Windows Kits\10\Include\10.0.15063.0\um\wincred.h(144): note: см. предыдущее определение "STATUS_NO_SUCH_LOGON_SESSION"
D:\GitHub\FreeRDP\winpr\include\winpr/nt.h(385): warning C4005: STATUS_NO_SUCH_USER: изменение макроопределения
  C:\Program Files (x86)\Windows Kits\10\Include\10.0.15063.0\um\wincred.h(145): note: см. предыдущее определение "STATUS_NO_SUCH_USER"
  rdpdr_main.c
D:\GitHub\FreeRDP\winpr\include\winpr/nt.h(380): warning C4005: STATUS_NO_SUCH_LOGON_SESSION: изменение макроопределения
  C:\Program Files (x86)\Windows Kits\10\Include\10.0.15063.0\um\wincred.h(144): note: см. предыдущее определение "STATUS_NO_SUCH_LOGON_SESSION"
D:\GitHub\FreeRDP\winpr\include\winpr/nt.h(385): warning C4005: STATUS_NO_SUCH_USER: изменение макроопределения
  C:\Program Files (x86)\Windows Kits\10\Include\10.0.15063.0\um\wincred.h(145): note: см. предыдущее определение "STATUS_NO_SUCH_USER"
  rdpdr_capabilities.c
D:\GitHub\FreeRDP\winpr\include\winpr/nt.h(380): warning C4005: STATUS_NO_SUCH_LOGON_SESSION: изменение макроопределения
  C:\Program Files (x86)\Windows Kits\10\Include\10.0.15063.0\um\wincred.h(144): note: см. предыдущее определение "STATUS_NO_SUCH_LOGON_SESSION"
D:\GitHub\FreeRDP\winpr\include\winpr/nt.h(385): warning C4005: STATUS_NO_SUCH_USER: изменение макроопределения
  C:\Program Files (x86)\Windows Kits\10\Include\10.0.15063.0\um\wincred.h(145): note: см. предыдущее определение "STATUS_NO_SUCH_USER"
D:\GitHub\FreeRDP\channels\rdpdr\client\rdpdr_capabilities.c(73): warning C4018: <: несоответствие типов со знаком и без знака
D:\GitHub\FreeRDP\channels\rdpdr\client\rdpdr_capabilities.c(97): warning C4018: <: несоответствие типов со знаком и без знака
D:\GitHub\FreeRDP\channels\rdpdr\client\rdpdr_capabilities.c(121): warning C4018: <: несоответствие типов со знаком и без знака
D:\GitHub\FreeRDP\channels\rdpdr\client\rdpdr_capabilities.c(145): warning C4018: <: несоответствие типов со знаком и без знака
D:\GitHub\FreeRDP\channels\rdpdr\client\rdpdr_capabilities.c(169): warning C4018: <: несоответствие типов со знаком и без знака
  Создание кода...
  rdpdr-client.vcxproj -> D:\GitHub\FreeRDP\Debug\rdpdr-client.lib
