  address.c
D:\GitHub\FreeRDP\winpr\include\winpr/nt.h(380): warning C4005: 'STATUS_NO_SUCH_LOGON_SESSION': macro redefinition
  C:\Program Files (x86)\Windows Kits\10\Include\10.0.15063.0\um\wincred.h(144): note: see previous definition of 'STATUS_NO_SUCH_LOGON_SESSION'
D:\GitHub\FreeRDP\winpr\include\winpr/nt.h(385): warning C4005: 'STATUS_NO_SUCH_USER': macro redefinition
  C:\Program Files (x86)\Windows Kits\10\Include\10.0.15063.0\um\wincred.h(145): note: see previous definition of 'STATUS_NO_SUCH_USER'
  barrier.c
D:\GitHub\FreeRDP\winpr\include\winpr/nt.h(380): warning C4005: 'STATUS_NO_SUCH_LOGON_SESSION': macro redefinition
  C:\Program Files (x86)\Windows Kits\10\Include\10.0.15063.0\um\wincred.h(144): note: see previous definition of 'STATUS_NO_SUCH_LOGON_SESSION'
D:\GitHub\FreeRDP\winpr\include\winpr/nt.h(385): warning C4005: 'STATUS_NO_SUCH_USER': macro redefinition
  C:\Program Files (x86)\Windows Kits\10\Include\10.0.15063.0\um\wincred.h(145): note: see previous definition of 'STATUS_NO_SUCH_USER'
  condition.c
D:\GitHub\FreeRDP\winpr\include\winpr/nt.h(380): warning C4005: 'STATUS_NO_SUCH_LOGON_SESSION': macro redefinition
  C:\Program Files (x86)\Windows Kits\10\Include\10.0.15063.0\um\wincred.h(144): note: see previous definition of 'STATUS_NO_SUCH_LOGON_SESSION'
D:\GitHub\FreeRDP\winpr\include\winpr/nt.h(385): warning C4005: 'STATUS_NO_SUCH_USER': macro redefinition
  C:\Program Files (x86)\Windows Kits\10\Include\10.0.15063.0\um\wincred.h(145): note: see previous definition of 'STATUS_NO_SUCH_USER'
  critical.c
D:\GitHub\FreeRDP\winpr\include\winpr/nt.h(380): warning C4005: 'STATUS_NO_SUCH_LOGON_SESSION': macro redefinition
  C:\Program Files (x86)\Windows Kits\10\Include\10.0.15063.0\um\wincred.h(144): note: see previous definition of 'STATUS_NO_SUCH_LOGON_SESSION'
D:\GitHub\FreeRDP\winpr\include\winpr/nt.h(385): warning C4005: 'STATUS_NO_SUCH_USER': macro redefinition
  C:\Program Files (x86)\Windows Kits\10\Include\10.0.15063.0\um\wincred.h(145): note: see previous definition of 'STATUS_NO_SUCH_USER'
  event.c
D:\GitHub\FreeRDP\winpr\include\winpr/nt.h(380): warning C4005: 'STATUS_NO_SUCH_LOGON_SESSION': macro redefinition
  C:\Program Files (x86)\Windows Kits\10\Include\10.0.15063.0\um\wincred.h(144): note: see previous definition of 'STATUS_NO_SUCH_LOGON_SESSION'
D:\GitHub\FreeRDP\winpr\include\winpr/nt.h(385): warning C4005: 'STATUS_NO_SUCH_USER': macro redefinition
  C:\Program Files (x86)\Windows Kits\10\Include\10.0.15063.0\um\wincred.h(145): note: see previous definition of 'STATUS_NO_SUCH_USER'
  init.c
D:\GitHub\FreeRDP\winpr\include\winpr/nt.h(380): warning C4005: 'STATUS_NO_SUCH_LOGON_SESSION': macro redefinition
  C:\Program Files (x86)\Windows Kits\10\Include\10.0.15063.0\um\wincred.h(144): note: see previous definition of 'STATUS_NO_SUCH_LOGON_SESSION'
D:\GitHub\FreeRDP\winpr\include\winpr/nt.h(385): warning C4005: 'STATUS_NO_SUCH_USER': macro redefinition
  C:\Program Files (x86)\Windows Kits\10\Include\10.0.15063.0\um\wincred.h(145): note: see previous definition of 'STATUS_NO_SUCH_USER'
  mutex.c
D:\GitHub\FreeRDP\winpr\include\winpr/nt.h(380): warning C4005: 'STATUS_NO_SUCH_LOGON_SESSION': macro redefinition
  C:\Program Files (x86)\Windows Kits\10\Include\10.0.15063.0\um\wincred.h(144): note: see previous definition of 'STATUS_NO_SUCH_LOGON_SESSION'
D:\GitHub\FreeRDP\winpr\include\winpr/nt.h(385): warning C4005: 'STATUS_NO_SUCH_USER': macro redefinition
  C:\Program Files (x86)\Windows Kits\10\Include\10.0.15063.0\um\wincred.h(145): note: see previous definition of 'STATUS_NO_SUCH_USER'
  semaphore.c
D:\GitHub\FreeRDP\winpr\include\winpr/nt.h(380): warning C4005: 'STATUS_NO_SUCH_LOGON_SESSION': macro redefinition
  C:\Program Files (x86)\Windows Kits\10\Include\10.0.15063.0\um\wincred.h(144): note: see previous definition of 'STATUS_NO_SUCH_LOGON_SESSION'
D:\GitHub\FreeRDP\winpr\include\winpr/nt.h(385): warning C4005: 'STATUS_NO_SUCH_USER': macro redefinition
  C:\Program Files (x86)\Windows Kits\10\Include\10.0.15063.0\um\wincred.h(145): note: see previous definition of 'STATUS_NO_SUCH_USER'
  sleep.c
D:\GitHub\FreeRDP\winpr\include\winpr/nt.h(380): warning C4005: 'STATUS_NO_SUCH_LOGON_SESSION': macro redefinition
  C:\Program Files (x86)\Windows Kits\10\Include\10.0.15063.0\um\wincred.h(144): note: see previous definition of 'STATUS_NO_SUCH_LOGON_SESSION'
D:\GitHub\FreeRDP\winpr\include\winpr/nt.h(385): warning C4005: 'STATUS_NO_SUCH_USER': macro redefinition
  C:\Program Files (x86)\Windows Kits\10\Include\10.0.15063.0\um\wincred.h(145): note: see previous definition of 'STATUS_NO_SUCH_USER'
  srw.c
D:\GitHub\FreeRDP\winpr\include\winpr/nt.h(380): warning C4005: 'STATUS_NO_SUCH_LOGON_SESSION': macro redefinition
  C:\Program Files (x86)\Windows Kits\10\Include\10.0.15063.0\um\wincred.h(144): note: see previous definition of 'STATUS_NO_SUCH_LOGON_SESSION'
D:\GitHub\FreeRDP\winpr\include\winpr/nt.h(385): warning C4005: 'STATUS_NO_SUCH_USER': macro redefinition
  C:\Program Files (x86)\Windows Kits\10\Include\10.0.15063.0\um\wincred.h(145): note: see previous definition of 'STATUS_NO_SUCH_USER'
  wait.c
D:\GitHub\FreeRDP\winpr\include\winpr/nt.h(380): warning C4005: 'STATUS_NO_SUCH_LOGON_SESSION': macro redefinition
  C:\Program Files (x86)\Windows Kits\10\Include\10.0.15063.0\um\wincred.h(144): note: see previous definition of 'STATUS_NO_SUCH_LOGON_SESSION'
D:\GitHub\FreeRDP\winpr\include\winpr/nt.h(385): warning C4005: 'STATUS_NO_SUCH_USER': macro redefinition
  C:\Program Files (x86)\Windows Kits\10\Include\10.0.15063.0\um\wincred.h(145): note: see previous definition of 'STATUS_NO_SUCH_USER'
  locale.c
  library.c
D:\GitHub\FreeRDP\winpr\include\winpr/nt.h(380): warning C4005: 'STATUS_NO_SUCH_LOGON_SESSION': macro redefinition
  C:\Program Files (x86)\Windows Kits\10\Include\10.0.15063.0\um\wincred.h(144): note: see previous definition of 'STATUS_NO_SUCH_LOGON_SESSION'
D:\GitHub\FreeRDP\winpr\include\winpr/nt.h(385): warning C4005: 'STATUS_NO_SUCH_USER': macro redefinition
  C:\Program Files (x86)\Windows Kits\10\Include\10.0.15063.0\um\wincred.h(145): note: see previous definition of 'STATUS_NO_SUCH_USER'
  generic.c
D:\GitHub\FreeRDP\winpr\include\winpr/nt.h(380): warning C4005: 'STATUS_NO_SUCH_LOGON_SESSION': macro redefinition
  C:\Program Files (x86)\Windows Kits\10\Include\10.0.15063.0\um\wincred.h(144): note: see previous definition of 'STATUS_NO_SUCH_LOGON_SESSION'
D:\GitHub\FreeRDP\winpr\include\winpr/nt.h(385): warning C4005: 'STATUS_NO_SUCH_USER': macro redefinition
  C:\Program Files (x86)\Windows Kits\10\Include\10.0.15063.0\um\wincred.h(145): note: see previous definition of 'STATUS_NO_SUCH_USER'
  namedPipeClient.c
D:\GitHub\FreeRDP\winpr\include\winpr/nt.h(380): warning C4005: 'STATUS_NO_SUCH_LOGON_SESSION': macro redefinition
  C:\Program Files (x86)\Windows Kits\10\Include\10.0.15063.0\um\wincred.h(144): note: see previous definition of 'STATUS_NO_SUCH_LOGON_SESSION'
D:\GitHub\FreeRDP\winpr\include\winpr/nt.h(385): warning C4005: 'STATUS_NO_SUCH_USER': macro redefinition
  C:\Program Files (x86)\Windows Kits\10\Include\10.0.15063.0\um\wincred.h(145): note: see previous definition of 'STATUS_NO_SUCH_USER'
  pattern.c
D:\GitHub\FreeRDP\winpr\include\winpr/nt.h(380): warning C4005: 'STATUS_NO_SUCH_LOGON_SESSION': macro redefinition
  C:\Program Files (x86)\Windows Kits\10\Include\10.0.15063.0\um\wincred.h(144): note: see previous definition of 'STATUS_NO_SUCH_LOGON_SESSION'
D:\GitHub\FreeRDP\winpr\include\winpr/nt.h(385): warning C4005: 'STATUS_NO_SUCH_USER': macro redefinition
  C:\Program Files (x86)\Windows Kits\10\Include\10.0.15063.0\um\wincred.h(145): note: see previous definition of 'STATUS_NO_SUCH_USER'
  file.c
D:\GitHub\FreeRDP\winpr\include\winpr/nt.h(380): warning C4005: 'STATUS_NO_SUCH_LOGON_SESSION': macro redefinition
  C:\Program Files (x86)\Windows Kits\10\Include\10.0.15063.0\um\wincred.h(144): note: see previous definition of 'STATUS_NO_SUCH_LOGON_SESSION'
D:\GitHub\FreeRDP\winpr\include\winpr/nt.h(385): warning C4005: 'STATUS_NO_SUCH_USER': macro redefinition
  C:\Program Files (x86)\Windows Kits\10\Include\10.0.15063.0\um\wincred.h(145): note: see previous definition of 'STATUS_NO_SUCH_USER'
  pipe.c
D:\GitHub\FreeRDP\winpr\include\winpr/nt.h(380): warning C4005: 'STATUS_NO_SUCH_LOGON_SESSION': macro redefinition
  C:\Program Files (x86)\Windows Kits\10\Include\10.0.15063.0\um\wincred.h(144): note: see previous definition of 'STATUS_NO_SUCH_LOGON_SESSION'
D:\GitHub\FreeRDP\winpr\include\winpr/nt.h(385): warning C4005: 'STATUS_NO_SUCH_USER': macro redefinition
  C:\Program Files (x86)\Windows Kits\10\Include\10.0.15063.0\um\wincred.h(145): note: see previous definition of 'STATUS_NO_SUCH_USER'
  interlocked.c
D:\GitHub\FreeRDP\winpr\include\winpr/nt.h(380): warning C4005: 'STATUS_NO_SUCH_LOGON_SESSION': macro redefinition
  C:\Program Files (x86)\Windows Kits\10\Include\10.0.15063.0\um\wincred.h(144): note: see previous definition of 'STATUS_NO_SUCH_LOGON_SESSION'
D:\GitHub\FreeRDP\winpr\include\winpr/nt.h(385): warning C4005: 'STATUS_NO_SUCH_USER': macro redefinition
  C:\Program Files (x86)\Windows Kits\10\Include\10.0.15063.0\um\wincred.h(145): note: see previous definition of 'STATUS_NO_SUCH_USER'
  security.c
  Generating Code...
  Compiling...
  environment.c
  hash.c
  rand.c
  cipher.c
  cert.c
  crypto.c
  registry_reg.c
D:\GitHub\FreeRDP\winpr\include\winpr/nt.h(380): warning C4005: 'STATUS_NO_SUCH_LOGON_SESSION': macro redefinition
  C:\Program Files (x86)\Windows Kits\10\Include\10.0.15063.0\um\wincred.h(144): note: see previous definition of 'STATUS_NO_SUCH_LOGON_SESSION'
D:\GitHub\FreeRDP\winpr\include\winpr/nt.h(385): warning C4005: 'STATUS_NO_SUCH_USER': macro redefinition
  C:\Program Files (x86)\Windows Kits\10\Include\10.0.15063.0\um\wincred.h(145): note: see previous definition of 'STATUS_NO_SUCH_USER'
D:\GitHub\FreeRDP\winpr\libwinpr\registry\registry_reg.c(92): warning C4244: 'function': conversion from 'INT64' to '::size_t', possible loss of data
D:\GitHub\FreeRDP\winpr\libwinpr\registry\registry_reg.c(97): warning C4244: 'function': conversion from 'INT64' to '::size_t', possible loss of data
  registry.c
  credentials.c
  path.c
D:\GitHub\FreeRDP\winpr\include\winpr/nt.h(380): warning C4005: 'STATUS_NO_SUCH_LOGON_SESSION': macro redefinition
  C:\Program Files (x86)\Windows Kits\10\Include\10.0.15063.0\um\wincred.h(144): note: see previous definition of 'STATUS_NO_SUCH_LOGON_SESSION'
D:\GitHub\FreeRDP\winpr\include\winpr/nt.h(385): warning C4005: 'STATUS_NO_SUCH_USER': macro redefinition
  C:\Program Files (x86)\Windows Kits\10\Include\10.0.15063.0\um\wincred.h(145): note: see previous definition of 'STATUS_NO_SUCH_USER'
D:\GitHub\FreeRDP\winpr\libwinpr\path\path.c(726): warning C4018: '<': signed/unsigned mismatch
  device.c
  virtualkey.c
  scancode.c
  keycode.c
  heap.c
  ini.c
D:\GitHub\FreeRDP\winpr\libwinpr\utils\ini.c(117): warning C4244: 'function': conversion from 'INT64' to '::size_t', possible loss of data
D:\GitHub\FreeRDP\winpr\libwinpr\utils\ini.c(122): warning C4244: 'function': conversion from 'INT64' to '::size_t', possible loss of data
  sam.c
D:\GitHub\FreeRDP\winpr\include\winpr/nt.h(380): warning C4005: 'STATUS_NO_SUCH_LOGON_SESSION': macro redefinition
  C:\Program Files (x86)\Windows Kits\10\Include\10.0.15063.0\um\wincred.h(144): note: see previous definition of 'STATUS_NO_SUCH_LOGON_SESSION'
D:\GitHub\FreeRDP\winpr\include\winpr/nt.h(385): warning C4005: 'STATUS_NO_SUCH_USER': macro redefinition
  C:\Program Files (x86)\Windows Kits\10\Include\10.0.15063.0\um\wincred.h(145): note: see previous definition of 'STATUS_NO_SUCH_USER'
D:\GitHub\FreeRDP\winpr\libwinpr\utils\sam.c(101): warning C4244: 'function': conversion from 'INT64' to '::size_t', possible loss of data
D:\GitHub\FreeRDP\winpr\libwinpr\utils\sam.c(106): warning C4244: 'function': conversion from 'INT64' to '::size_t', possible loss of data
D:\GitHub\FreeRDP\winpr\libwinpr\utils\sam.c(111): warning C4244: '=': conversion from 'INT64' to '::size_t', possible loss of data
  image.c
D:\GitHub\FreeRDP\winpr\include\winpr/nt.h(380): warning C4005: 'STATUS_NO_SUCH_LOGON_SESSION': macro redefinition
  C:\Program Files (x86)\Windows Kits\10\Include\10.0.15063.0\um\wincred.h(144): note: see previous definition of 'STATUS_NO_SUCH_LOGON_SESSION'
D:\GitHub\FreeRDP\winpr\include\winpr/nt.h(385): warning C4005: 'STATUS_NO_SUCH_USER': macro redefinition
  C:\Program Files (x86)\Windows Kits\10\Include\10.0.15063.0\um\wincred.h(145): note: see previous definition of 'STATUS_NO_SUCH_USER'
D:\GitHub\FreeRDP\winpr\libwinpr\utils\image.c(192): warning C4244: 'function': conversion from 'INT64' to '::size_t', possible loss of data
D:\GitHub\FreeRDP\winpr\libwinpr\utils\image.c(197): warning C4244: 'function': conversion from 'INT64' to '::size_t', possible loss of data
D:\GitHub\FreeRDP\winpr\libwinpr\utils\image.c(203): warning C4244: 'function': conversion from 'INT64' to '::size_t', possible loss of data
  print.c
D:\GitHub\FreeRDP\winpr\include\winpr/nt.h(380): warning C4005: 'STATUS_NO_SUCH_LOGON_SESSION': macro redefinition
  C:\Program Files (x86)\Windows Kits\10\Include\10.0.15063.0\um\wincred.h(144): note: see previous definition of 'STATUS_NO_SUCH_LOGON_SESSION'
D:\GitHub\FreeRDP\winpr\include\winpr/nt.h(385): warning C4005: 'STATUS_NO_SUCH_USER': macro redefinition
  C:\Program Files (x86)\Windows Kits\10\Include\10.0.15063.0\um\wincred.h(145): note: see previous definition of 'STATUS_NO_SUCH_USER'
  stream.c
D:\GitHub\FreeRDP\winpr\include\winpr/nt.h(380): warning C4005: 'STATUS_NO_SUCH_LOGON_SESSION': macro redefinition
  C:\Program Files (x86)\Windows Kits\10\Include\10.0.15063.0\um\wincred.h(144): note: see previous definition of 'STATUS_NO_SUCH_LOGON_SESSION'
D:\GitHub\FreeRDP\winpr\include\winpr/nt.h(385): warning C4005: 'STATUS_NO_SUCH_USER': macro redefinition
  C:\Program Files (x86)\Windows Kits\10\Include\10.0.15063.0\um\wincred.h(145): note: see previous definition of 'STATUS_NO_SUCH_USER'
  Generating Code...
  Compiling...
  strlst.c
D:\GitHub\FreeRDP\winpr\libwinpr\utils\strlst.c(65): warning C4996: 'strdup': The POSIX name for this item is deprecated. Instead, use the ISO C and C++ conformant name: _strdup. See online help for details.
  C:\Program Files (x86)\Windows Kits\10\Include\10.0.15063.0\ucrt\string.h(538): note: see declaration of 'strdup'
  debug.c
D:\GitHub\FreeRDP\winpr\include\winpr/nt.h(380): warning C4005: 'STATUS_NO_SUCH_LOGON_SESSION': macro redefinition
  C:\Program Files (x86)\Windows Kits\10\Include\10.0.15063.0\um\wincred.h(144): note: see previous definition of 'STATUS_NO_SUCH_LOGON_SESSION'
D:\GitHub\FreeRDP\winpr\include\winpr/nt.h(385): warning C4005: 'STATUS_NO_SUCH_USER': macro redefinition
  C:\Program Files (x86)\Windows Kits\10\Include\10.0.15063.0\um\wincred.h(145): note: see previous definition of 'STATUS_NO_SUCH_USER'
  winpr.c
D:\GitHub\FreeRDP\winpr\include\winpr/nt.h(380): warning C4005: 'STATUS_NO_SUCH_LOGON_SESSION': macro redefinition
  C:\Program Files (x86)\Windows Kits\10\Include\10.0.15063.0\um\wincred.h(144): note: see previous definition of 'STATUS_NO_SUCH_LOGON_SESSION'
D:\GitHub\FreeRDP\winpr\include\winpr/nt.h(385): warning C4005: 'STATUS_NO_SUCH_USER': macro redefinition
  C:\Program Files (x86)\Windows Kits\10\Include\10.0.15063.0\um\wincred.h(145): note: see previous definition of 'STATUS_NO_SUCH_USER'
  cmdline.c
  ssl.c
D:\GitHub\FreeRDP\winpr\include\winpr/nt.h(380): warning C4005: 'STATUS_NO_SUCH_LOGON_SESSION': macro redefinition
  C:\Program Files (x86)\Windows Kits\10\Include\10.0.15063.0\um\wincred.h(144): note: see previous definition of 'STATUS_NO_SUCH_LOGON_SESSION'
D:\GitHub\FreeRDP\winpr\include\winpr/nt.h(385): warning C4005: 'STATUS_NO_SUCH_USER': macro redefinition
  C:\Program Files (x86)\Windows Kits\10\Include\10.0.15063.0\um\wincred.h(145): note: see previous definition of 'STATUS_NO_SUCH_USER'
  Queue.c
D:\GitHub\FreeRDP\winpr\include\winpr/nt.h(380): warning C4005: 'STATUS_NO_SUCH_LOGON_SESSION': macro redefinition
  C:\Program Files (x86)\Windows Kits\10\Include\10.0.15063.0\um\wincred.h(144): note: see previous definition of 'STATUS_NO_SUCH_LOGON_SESSION'
D:\GitHub\FreeRDP\winpr\include\winpr/nt.h(385): warning C4005: 'STATUS_NO_SUCH_USER': macro redefinition
  C:\Program Files (x86)\Windows Kits\10\Include\10.0.15063.0\um\wincred.h(145): note: see previous definition of 'STATUS_NO_SUCH_USER'
  Stack.c
D:\GitHub\FreeRDP\winpr\include\winpr/nt.h(380): warning C4005: 'STATUS_NO_SUCH_LOGON_SESSION': macro redefinition
  C:\Program Files (x86)\Windows Kits\10\Include\10.0.15063.0\um\wincred.h(144): note: see previous definition of 'STATUS_NO_SUCH_LOGON_SESSION'
D:\GitHub\FreeRDP\winpr\include\winpr/nt.h(385): warning C4005: 'STATUS_NO_SUCH_USER': macro redefinition
  C:\Program Files (x86)\Windows Kits\10\Include\10.0.15063.0\um\wincred.h(145): note: see previous definition of 'STATUS_NO_SUCH_USER'
  PubSub.c
D:\GitHub\FreeRDP\winpr\include\winpr/nt.h(380): warning C4005: 'STATUS_NO_SUCH_LOGON_SESSION': macro redefinition
  C:\Program Files (x86)\Windows Kits\10\Include\10.0.15063.0\um\wincred.h(144): note: see previous definition of 'STATUS_NO_SUCH_LOGON_SESSION'
D:\GitHub\FreeRDP\winpr\include\winpr/nt.h(385): warning C4005: 'STATUS_NO_SUCH_USER': macro redefinition
  C:\Program Files (x86)\Windows Kits\10\Include\10.0.15063.0\um\wincred.h(145): note: see previous definition of 'STATUS_NO_SUCH_USER'
  BipBuffer.c
D:\GitHub\FreeRDP\winpr\include\winpr/nt.h(380): warning C4005: 'STATUS_NO_SUCH_LOGON_SESSION': macro redefinition
  C:\Program Files (x86)\Windows Kits\10\Include\10.0.15063.0\um\wincred.h(144): note: see previous definition of 'STATUS_NO_SUCH_LOGON_SESSION'
D:\GitHub\FreeRDP\winpr\include\winpr/nt.h(385): warning C4005: 'STATUS_NO_SUCH_USER': macro redefinition
  C:\Program Files (x86)\Windows Kits\10\Include\10.0.15063.0\um\wincred.h(145): note: see previous definition of 'STATUS_NO_SUCH_USER'
  BitStream.c
D:\GitHub\FreeRDP\winpr\include\winpr/nt.h(380): warning C4005: 'STATUS_NO_SUCH_LOGON_SESSION': macro redefinition
  C:\Program Files (x86)\Windows Kits\10\Include\10.0.15063.0\um\wincred.h(144): note: see previous definition of 'STATUS_NO_SUCH_LOGON_SESSION'
D:\GitHub\FreeRDP\winpr\include\winpr/nt.h(385): warning C4005: 'STATUS_NO_SUCH_USER': macro redefinition
  C:\Program Files (x86)\Windows Kits\10\Include\10.0.15063.0\um\wincred.h(145): note: see previous definition of 'STATUS_NO_SUCH_USER'
  Reference.c
D:\GitHub\FreeRDP\winpr\include\winpr/nt.h(380): warning C4005: 'STATUS_NO_SUCH_LOGON_SESSION': macro redefinition
  C:\Program Files (x86)\Windows Kits\10\Include\10.0.15063.0\um\wincred.h(144): note: see previous definition of 'STATUS_NO_SUCH_LOGON_SESSION'
D:\GitHub\FreeRDP\winpr\include\winpr/nt.h(385): warning C4005: 'STATUS_NO_SUCH_USER': macro redefinition
  C:\Program Files (x86)\Windows Kits\10\Include\10.0.15063.0\um\wincred.h(145): note: see previous definition of 'STATUS_NO_SUCH_USER'
  ArrayList.c
D:\GitHub\FreeRDP\winpr\include\winpr/nt.h(380): warning C4005: 'STATUS_NO_SUCH_LOGON_SESSION': macro redefinition
  C:\Program Files (x86)\Windows Kits\10\Include\10.0.15063.0\um\wincred.h(144): note: see previous definition of 'STATUS_NO_SUCH_LOGON_SESSION'
D:\GitHub\FreeRDP\winpr\include\winpr/nt.h(385): warning C4005: 'STATUS_NO_SUCH_USER': macro redefinition
  C:\Program Files (x86)\Windows Kits\10\Include\10.0.15063.0\um\wincred.h(145): note: see previous definition of 'STATUS_NO_SUCH_USER'
  Dictionary.c
D:\GitHub\FreeRDP\winpr\include\winpr/nt.h(380): warning C4005: 'STATUS_NO_SUCH_LOGON_SESSION': macro redefinition
  C:\Program Files (x86)\Windows Kits\10\Include\10.0.15063.0\um\wincred.h(144): note: see previous definition of 'STATUS_NO_SUCH_LOGON_SESSION'
D:\GitHub\FreeRDP\winpr\include\winpr/nt.h(385): warning C4005: 'STATUS_NO_SUCH_USER': macro redefinition
  C:\Program Files (x86)\Windows Kits\10\Include\10.0.15063.0\um\wincred.h(145): note: see previous definition of 'STATUS_NO_SUCH_USER'
  LinkedList.c
D:\GitHub\FreeRDP\winpr\include\winpr/nt.h(380): warning C4005: 'STATUS_NO_SUCH_LOGON_SESSION': macro redefinition
  C:\Program Files (x86)\Windows Kits\10\Include\10.0.15063.0\um\wincred.h(144): note: see previous definition of 'STATUS_NO_SUCH_LOGON_SESSION'
D:\GitHub\FreeRDP\winpr\include\winpr/nt.h(385): warning C4005: 'STATUS_NO_SUCH_USER': macro redefinition
  C:\Program Files (x86)\Windows Kits\10\Include\10.0.15063.0\um\wincred.h(145): note: see previous definition of 'STATUS_NO_SUCH_USER'
  HashTable.c
D:\GitHub\FreeRDP\winpr\include\winpr/nt.h(380): warning C4005: 'STATUS_NO_SUCH_LOGON_SESSION': macro redefinition
  C:\Program Files (x86)\Windows Kits\10\Include\10.0.15063.0\um\wincred.h(144): note: see previous definition of 'STATUS_NO_SUCH_LOGON_SESSION'
D:\GitHub\FreeRDP\winpr\include\winpr/nt.h(385): warning C4005: 'STATUS_NO_SUCH_USER': macro redefinition
  C:\Program Files (x86)\Windows Kits\10\Include\10.0.15063.0\um\wincred.h(145): note: see previous definition of 'STATUS_NO_SUCH_USER'
  ListDictionary.c
D:\GitHub\FreeRDP\winpr\include\winpr/nt.h(380): warning C4005: 'STATUS_NO_SUCH_LOGON_SESSION': macro redefinition
  C:\Program Files (x86)\Windows Kits\10\Include\10.0.15063.0\um\wincred.h(144): note: see previous definition of 'STATUS_NO_SUCH_LOGON_SESSION'
D:\GitHub\FreeRDP\winpr\include\winpr/nt.h(385): warning C4005: 'STATUS_NO_SUCH_USER': macro redefinition
  C:\Program Files (x86)\Windows Kits\10\Include\10.0.15063.0\um\wincred.h(145): note: see previous definition of 'STATUS_NO_SUCH_USER'
  KeyValuePair.c
D:\GitHub\FreeRDP\winpr\include\winpr/nt.h(380): warning C4005: 'STATUS_NO_SUCH_LOGON_SESSION': macro redefinition
  C:\Program Files (x86)\Windows Kits\10\Include\10.0.15063.0\um\wincred.h(144): note: see previous definition of 'STATUS_NO_SUCH_LOGON_SESSION'
D:\GitHub\FreeRDP\winpr\include\winpr/nt.h(385): warning C4005: 'STATUS_NO_SUCH_USER': macro redefinition
  C:\Program Files (x86)\Windows Kits\10\Include\10.0.15063.0\um\wincred.h(145): note: see previous definition of 'STATUS_NO_SUCH_USER'
  CountdownEvent.c
D:\GitHub\FreeRDP\winpr\include\winpr/nt.h(380): warning C4005: 'STATUS_NO_SUCH_LOGON_SESSION': macro redefinition
  C:\Program Files (x86)\Windows Kits\10\Include\10.0.15063.0\um\wincred.h(144): note: see previous definition of 'STATUS_NO_SUCH_LOGON_SESSION'
D:\GitHub\FreeRDP\winpr\include\winpr/nt.h(385): warning C4005: 'STATUS_NO_SUCH_USER': macro redefinition
  C:\Program Files (x86)\Windows Kits\10\Include\10.0.15063.0\um\wincred.h(145): note: see previous definition of 'STATUS_NO_SUCH_USER'
  BufferPool.c
D:\GitHub\FreeRDP\winpr\include\winpr/nt.h(380): warning C4005: 'STATUS_NO_SUCH_LOGON_SESSION': macro redefinition
  C:\Program Files (x86)\Windows Kits\10\Include\10.0.15063.0\um\wincred.h(144): note: see previous definition of 'STATUS_NO_SUCH_LOGON_SESSION'
D:\GitHub\FreeRDP\winpr\include\winpr/nt.h(385): warning C4005: 'STATUS_NO_SUCH_USER': macro redefinition
  C:\Program Files (x86)\Windows Kits\10\Include\10.0.15063.0\um\wincred.h(145): note: see previous definition of 'STATUS_NO_SUCH_USER'
  ObjectPool.c
D:\GitHub\FreeRDP\winpr\include\winpr/nt.h(380): warning C4005: 'STATUS_NO_SUCH_LOGON_SESSION': macro redefinition
  C:\Program Files (x86)\Windows Kits\10\Include\10.0.15063.0\um\wincred.h(144): note: see previous definition of 'STATUS_NO_SUCH_LOGON_SESSION'
D:\GitHub\FreeRDP\winpr\include\winpr/nt.h(385): warning C4005: 'STATUS_NO_SUCH_USER': macro redefinition
  C:\Program Files (x86)\Windows Kits\10\Include\10.0.15063.0\um\wincred.h(145): note: see previous definition of 'STATUS_NO_SUCH_USER'
  Generating Code...
  Compiling...
  StreamPool.c
D:\GitHub\FreeRDP\winpr\include\winpr/nt.h(380): warning C4005: 'STATUS_NO_SUCH_LOGON_SESSION': macro redefinition
  C:\Program Files (x86)\Windows Kits\10\Include\10.0.15063.0\um\wincred.h(144): note: see previous definition of 'STATUS_NO_SUCH_LOGON_SESSION'
D:\GitHub\FreeRDP\winpr\include\winpr/nt.h(385): warning C4005: 'STATUS_NO_SUCH_USER': macro redefinition
  C:\Program Files (x86)\Windows Kits\10\Include\10.0.15063.0\um\wincred.h(145): note: see previous definition of 'STATUS_NO_SUCH_USER'
  MessageQueue.c
D:\GitHub\FreeRDP\winpr\include\winpr/nt.h(380): warning C4005: 'STATUS_NO_SUCH_LOGON_SESSION': macro redefinition
  C:\Program Files (x86)\Windows Kits\10\Include\10.0.15063.0\um\wincred.h(144): note: see previous definition of 'STATUS_NO_SUCH_LOGON_SESSION'
D:\GitHub\FreeRDP\winpr\include\winpr/nt.h(385): warning C4005: 'STATUS_NO_SUCH_USER': macro redefinition
  C:\Program Files (x86)\Windows Kits\10\Include\10.0.15063.0\um\wincred.h(145): note: see previous definition of 'STATUS_NO_SUCH_USER'
  MessagePipe.c
D:\GitHub\FreeRDP\winpr\include\winpr/nt.h(380): warning C4005: 'STATUS_NO_SUCH_LOGON_SESSION': macro redefinition
  C:\Program Files (x86)\Windows Kits\10\Include\10.0.15063.0\um\wincred.h(144): note: see previous definition of 'STATUS_NO_SUCH_LOGON_SESSION'
D:\GitHub\FreeRDP\winpr\include\winpr/nt.h(385): warning C4005: 'STATUS_NO_SUCH_USER': macro redefinition
  C:\Program Files (x86)\Windows Kits\10\Include\10.0.15063.0\um\wincred.h(145): note: see previous definition of 'STATUS_NO_SUCH_USER'
  lodepng.c
  trio.c
  trionan.c
  triostr.c
  wlog.c
D:\GitHub\FreeRDP\winpr\include\winpr/nt.h(380): warning C4005: 'STATUS_NO_SUCH_LOGON_SESSION': macro redefinition
  C:\Program Files (x86)\Windows Kits\10\Include\10.0.15063.0\um\wincred.h(144): note: see previous definition of 'STATUS_NO_SUCH_LOGON_SESSION'
D:\GitHub\FreeRDP\winpr\include\winpr/nt.h(385): warning C4005: 'STATUS_NO_SUCH_USER': macro redefinition
  C:\Program Files (x86)\Windows Kits\10\Include\10.0.15063.0\um\wincred.h(145): note: see previous definition of 'STATUS_NO_SUCH_USER'
  Layout.c
D:\GitHub\FreeRDP\winpr\include\winpr/nt.h(380): warning C4005: 'STATUS_NO_SUCH_LOGON_SESSION': macro redefinition
  C:\Program Files (x86)\Windows Kits\10\Include\10.0.15063.0\um\wincred.h(144): note: see previous definition of 'STATUS_NO_SUCH_LOGON_SESSION'
D:\GitHub\FreeRDP\winpr\include\winpr/nt.h(385): warning C4005: 'STATUS_NO_SUCH_USER': macro redefinition
  C:\Program Files (x86)\Windows Kits\10\Include\10.0.15063.0\um\wincred.h(145): note: see previous definition of 'STATUS_NO_SUCH_USER'
  Message.c
D:\GitHub\FreeRDP\winpr\include\winpr/nt.h(380): warning C4005: 'STATUS_NO_SUCH_LOGON_SESSION': macro redefinition
  C:\Program Files (x86)\Windows Kits\10\Include\10.0.15063.0\um\wincred.h(144): note: see previous definition of 'STATUS_NO_SUCH_LOGON_SESSION'
D:\GitHub\FreeRDP\winpr\include\winpr/nt.h(385): warning C4005: 'STATUS_NO_SUCH_USER': macro redefinition
  C:\Program Files (x86)\Windows Kits\10\Include\10.0.15063.0\um\wincred.h(145): note: see previous definition of 'STATUS_NO_SUCH_USER'
  TextMessage.c
  DataMessage.c
D:\GitHub\FreeRDP\winpr\include\winpr/nt.h(380): warning C4005: 'STATUS_NO_SUCH_LOGON_SESSION': macro redefinition
  C:\Program Files (x86)\Windows Kits\10\Include\10.0.15063.0\um\wincred.h(144): note: see previous definition of 'STATUS_NO_SUCH_LOGON_SESSION'
D:\GitHub\FreeRDP\winpr\include\winpr/nt.h(385): warning C4005: 'STATUS_NO_SUCH_USER': macro redefinition
  C:\Program Files (x86)\Windows Kits\10\Include\10.0.15063.0\um\wincred.h(145): note: see previous definition of 'STATUS_NO_SUCH_USER'
  ImageMessage.c
D:\GitHub\FreeRDP\winpr\include\winpr/nt.h(380): warning C4005: 'STATUS_NO_SUCH_LOGON_SESSION': macro redefinition
  C:\Program Files (x86)\Windows Kits\10\Include\10.0.15063.0\um\wincred.h(144): note: see previous definition of 'STATUS_NO_SUCH_LOGON_SESSION'
D:\GitHub\FreeRDP\winpr\include\winpr/nt.h(385): warning C4005: 'STATUS_NO_SUCH_USER': macro redefinition
  C:\Program Files (x86)\Windows Kits\10\Include\10.0.15063.0\um\wincred.h(145): note: see previous definition of 'STATUS_NO_SUCH_USER'
  PacketMessage.c
D:\GitHub\FreeRDP\winpr\include\winpr/nt.h(380): warning C4005: 'STATUS_NO_SUCH_LOGON_SESSION': macro redefinition
  C:\Program Files (x86)\Windows Kits\10\Include\10.0.15063.0\um\wincred.h(144): note: see previous definition of 'STATUS_NO_SUCH_LOGON_SESSION'
D:\GitHub\FreeRDP\winpr\include\winpr/nt.h(385): warning C4005: 'STATUS_NO_SUCH_USER': macro redefinition
  C:\Program Files (x86)\Windows Kits\10\Include\10.0.15063.0\um\wincred.h(145): note: see previous definition of 'STATUS_NO_SUCH_USER'
D:\GitHub\FreeRDP\winpr\libwinpr\utils\wlog\PacketMessage.c(226): warning C4244: '=': conversion from '__int64' to 'int', possible loss of data
  Appender.c
D:\GitHub\FreeRDP\winpr\include\winpr/nt.h(380): warning C4005: 'STATUS_NO_SUCH_LOGON_SESSION': macro redefinition
  C:\Program Files (x86)\Windows Kits\10\Include\10.0.15063.0\um\wincred.h(144): note: see previous definition of 'STATUS_NO_SUCH_LOGON_SESSION'
D:\GitHub\FreeRDP\winpr\include\winpr/nt.h(385): warning C4005: 'STATUS_NO_SUCH_USER': macro redefinition
  C:\Program Files (x86)\Windows Kits\10\Include\10.0.15063.0\um\wincred.h(145): note: see previous definition of 'STATUS_NO_SUCH_USER'
  FileAppender.c
D:\GitHub\FreeRDP\winpr\include\winpr/nt.h(380): warning C4005: 'STATUS_NO_SUCH_LOGON_SESSION': macro redefinition
  C:\Program Files (x86)\Windows Kits\10\Include\10.0.15063.0\um\wincred.h(144): note: see previous definition of 'STATUS_NO_SUCH_LOGON_SESSION'
D:\GitHub\FreeRDP\winpr\include\winpr/nt.h(385): warning C4005: 'STATUS_NO_SUCH_USER': macro redefinition
  C:\Program Files (x86)\Windows Kits\10\Include\10.0.15063.0\um\wincred.h(145): note: see previous definition of 'STATUS_NO_SUCH_USER'
  BinaryAppender.c
D:\GitHub\FreeRDP\winpr\include\winpr/nt.h(380): warning C4005: 'STATUS_NO_SUCH_LOGON_SESSION': macro redefinition
  C:\Program Files (x86)\Windows Kits\10\Include\10.0.15063.0\um\wincred.h(144): note: see previous definition of 'STATUS_NO_SUCH_LOGON_SESSION'
D:\GitHub\FreeRDP\winpr\include\winpr/nt.h(385): warning C4005: 'STATUS_NO_SUCH_USER': macro redefinition
  C:\Program Files (x86)\Windows Kits\10\Include\10.0.15063.0\um\wincred.h(145): note: see previous definition of 'STATUS_NO_SUCH_USER'
  CallbackAppender.c
D:\GitHub\FreeRDP\winpr\include\winpr/nt.h(380): warning C4005: 'STATUS_NO_SUCH_LOGON_SESSION': macro redefinition
  C:\Program Files (x86)\Windows Kits\10\Include\10.0.15063.0\um\wincred.h(144): note: see previous definition of 'STATUS_NO_SUCH_LOGON_SESSION'
D:\GitHub\FreeRDP\winpr\include\winpr/nt.h(385): warning C4005: 'STATUS_NO_SUCH_USER': macro redefinition
  C:\Program Files (x86)\Windows Kits\10\Include\10.0.15063.0\um\wincred.h(145): note: see previous definition of 'STATUS_NO_SUCH_USER'
  ConsoleAppender.c
D:\GitHub\FreeRDP\winpr\include\winpr/nt.h(380): warning C4005: 'STATUS_NO_SUCH_LOGON_SESSION': macro redefinition
  C:\Program Files (x86)\Windows Kits\10\Include\10.0.15063.0\um\wincred.h(144): note: see previous definition of 'STATUS_NO_SUCH_LOGON_SESSION'
D:\GitHub\FreeRDP\winpr\include\winpr/nt.h(385): warning C4005: 'STATUS_NO_SUCH_USER': macro redefinition
  C:\Program Files (x86)\Windows Kits\10\Include\10.0.15063.0\um\wincred.h(145): note: see previous definition of 'STATUS_NO_SUCH_USER'
  UdpAppender.c
D:\GitHub\FreeRDP\winpr\include\winpr/nt.h(380): warning C4005: 'STATUS_NO_SUCH_LOGON_SESSION': macro redefinition
  C:\Program Files (x86)\Windows Kits\10\Include\10.0.15063.0\um\wincred.h(144): note: see previous definition of 'STATUS_NO_SUCH_LOGON_SESSION'
D:\GitHub\FreeRDP\winpr\include\winpr/nt.h(385): warning C4005: 'STATUS_NO_SUCH_USER': macro redefinition
  C:\Program Files (x86)\Windows Kits\10\Include\10.0.15063.0\um\wincred.h(145): note: see previous definition of 'STATUS_NO_SUCH_USER'
  Generating Code...
  Compiling...
  error.c
  com.c
  timezone.c
D:\GitHub\FreeRDP\winpr\include\winpr/nt.h(380): warning C4005: 'STATUS_NO_SUCH_LOGON_SESSION': macro redefinition
  C:\Program Files (x86)\Windows Kits\10\Include\10.0.15063.0\um\wincred.h(144): note: see previous definition of 'STATUS_NO_SUCH_LOGON_SESSION'
D:\GitHub\FreeRDP\winpr\include\winpr/nt.h(385): warning C4005: 'STATUS_NO_SUCH_USER': macro redefinition
  C:\Program Files (x86)\Windows Kits\10\Include\10.0.15063.0\um\wincred.h(145): note: see previous definition of 'STATUS_NO_SUCH_USER'
  sysinfo.c
D:\GitHub\FreeRDP\winpr\include\winpr/nt.h(380): warning C4005: 'STATUS_NO_SUCH_LOGON_SESSION': macro redefinition
  C:\Program Files (x86)\Windows Kits\10\Include\10.0.15063.0\um\wincred.h(144): note: see previous definition of 'STATUS_NO_SUCH_LOGON_SESSION'
D:\GitHub\FreeRDP\winpr\include\winpr/nt.h(385): warning C4005: 'STATUS_NO_SUCH_USER': macro redefinition
  C:\Program Files (x86)\Windows Kits\10\Include\10.0.15063.0\um\wincred.h(145): note: see previous definition of 'STATUS_NO_SUCH_USER'
  synch.c
D:\GitHub\FreeRDP\winpr\include\winpr/nt.h(380): warning C4005: 'STATUS_NO_SUCH_LOGON_SESSION': macro redefinition
  C:\Program Files (x86)\Windows Kits\10\Include\10.0.15063.0\um\wincred.h(144): note: see previous definition of 'STATUS_NO_SUCH_LOGON_SESSION'
D:\GitHub\FreeRDP\winpr\include\winpr/nt.h(385): warning C4005: 'STATUS_NO_SUCH_USER': macro redefinition
  C:\Program Files (x86)\Windows Kits\10\Include\10.0.15063.0\um\wincred.h(145): note: see previous definition of 'STATUS_NO_SUCH_USER'
  work.c
D:\GitHub\FreeRDP\winpr\include\winpr/nt.h(380): warning C4005: 'STATUS_NO_SUCH_LOGON_SESSION': macro redefinition
  C:\Program Files (x86)\Windows Kits\10\Include\10.0.15063.0\um\wincred.h(144): note: see previous definition of 'STATUS_NO_SUCH_LOGON_SESSION'
D:\GitHub\FreeRDP\winpr\include\winpr/nt.h(385): warning C4005: 'STATUS_NO_SUCH_USER': macro redefinition
  C:\Program Files (x86)\Windows Kits\10\Include\10.0.15063.0\um\wincred.h(145): note: see previous definition of 'STATUS_NO_SUCH_USER'
  cleanup_group.c
D:\GitHub\FreeRDP\winpr\include\winpr/nt.h(380): warning C4005: 'STATUS_NO_SUCH_LOGON_SESSION': macro redefinition
  C:\Program Files (x86)\Windows Kits\10\Include\10.0.15063.0\um\wincred.h(144): note: see previous definition of 'STATUS_NO_SUCH_LOGON_SESSION'
D:\GitHub\FreeRDP\winpr\include\winpr/nt.h(385): warning C4005: 'STATUS_NO_SUCH_USER': macro redefinition
  C:\Program Files (x86)\Windows Kits\10\Include\10.0.15063.0\um\wincred.h(145): note: see previous definition of 'STATUS_NO_SUCH_USER'
  pool.c
D:\GitHub\FreeRDP\winpr\include\winpr/nt.h(380): warning C4005: 'STATUS_NO_SUCH_LOGON_SESSION': macro redefinition
  C:\Program Files (x86)\Windows Kits\10\Include\10.0.15063.0\um\wincred.h(144): note: see previous definition of 'STATUS_NO_SUCH_LOGON_SESSION'
D:\GitHub\FreeRDP\winpr\include\winpr/nt.h(385): warning C4005: 'STATUS_NO_SUCH_USER': macro redefinition
  C:\Program Files (x86)\Windows Kits\10\Include\10.0.15063.0\um\wincred.h(145): note: see previous definition of 'STATUS_NO_SUCH_USER'
D:\GitHub\FreeRDP\winpr\libwinpr\pool\pool.c(237): warning C4018: '<': signed/unsigned mismatch
  callback.c
D:\GitHub\FreeRDP\winpr\include\winpr/nt.h(380): warning C4005: 'STATUS_NO_SUCH_LOGON_SESSION': macro redefinition
  C:\Program Files (x86)\Windows Kits\10\Include\10.0.15063.0\um\wincred.h(144): note: see previous definition of 'STATUS_NO_SUCH_LOGON_SESSION'
D:\GitHub\FreeRDP\winpr\include\winpr/nt.h(385): warning C4005: 'STATUS_NO_SUCH_USER': macro redefinition
  C:\Program Files (x86)\Windows Kits\10\Include\10.0.15063.0\um\wincred.h(145): note: see previous definition of 'STATUS_NO_SUCH_USER'
  callback_cleanup.c
D:\GitHub\FreeRDP\winpr\include\winpr/nt.h(380): warning C4005: 'STATUS_NO_SUCH_LOGON_SESSION': macro redefinition
  C:\Program Files (x86)\Windows Kits\10\Include\10.0.15063.0\um\wincred.h(144): note: see previous definition of 'STATUS_NO_SUCH_LOGON_SESSION'
D:\GitHub\FreeRDP\winpr\include\winpr/nt.h(385): warning C4005: 'STATUS_NO_SUCH_USER': macro redefinition
  C:\Program Files (x86)\Windows Kits\10\Include\10.0.15063.0\um\wincred.h(145): note: see previous definition of 'STATUS_NO_SUCH_USER'
  handle.c
  nonehandle.c
  argv.c
D:\GitHub\FreeRDP\winpr\include\winpr/nt.h(380): warning C4005: 'STATUS_NO_SUCH_LOGON_SESSION': macro redefinition
  C:\Program Files (x86)\Windows Kits\10\Include\10.0.15063.0\um\wincred.h(144): note: see previous definition of 'STATUS_NO_SUCH_LOGON_SESSION'
D:\GitHub\FreeRDP\winpr\include\winpr/nt.h(385): warning C4005: 'STATUS_NO_SUCH_USER': macro redefinition
  C:\Program Files (x86)\Windows Kits\10\Include\10.0.15063.0\um\wincred.h(145): note: see previous definition of 'STATUS_NO_SUCH_USER'
  process.c
  processor.c
  thread.c
  tls.c
  winsock.c
D:\GitHub\FreeRDP\winpr\include\winpr/nt.h(380): warning C4005: 'STATUS_NO_SUCH_LOGON_SESSION': macro redefinition
  C:\Program Files (x86)\Windows Kits\10\Include\10.0.15063.0\um\wincred.h(144): note: see previous definition of 'STATUS_NO_SUCH_LOGON_SESSION'
D:\GitHub\FreeRDP\winpr\include\winpr/nt.h(385): warning C4005: 'STATUS_NO_SUCH_USER': macro redefinition
  C:\Program Files (x86)\Windows Kits\10\Include\10.0.15063.0\um\wincred.h(145): note: see previous definition of 'STATUS_NO_SUCH_USER'
  credssp.c
  ntlm_av_pairs.c
D:\GitHub\FreeRDP\winpr\include\winpr/nt.h(380): warning C4005: 'STATUS_NO_SUCH_LOGON_SESSION': macro redefinition
  C:\Program Files (x86)\Windows Kits\10\Include\10.0.15063.0\um\wincred.h(144): note: see previous definition of 'STATUS_NO_SUCH_LOGON_SESSION'
D:\GitHub\FreeRDP\winpr\include\winpr/nt.h(385): warning C4005: 'STATUS_NO_SUCH_USER': macro redefinition
  C:\Program Files (x86)\Windows Kits\10\Include\10.0.15063.0\um\wincred.h(145): note: see previous definition of 'STATUS_NO_SUCH_USER'
  Generating Code...
  Compiling...
  ntlm_compute.c
D:\GitHub\FreeRDP\winpr\include\winpr/nt.h(380): warning C4005: 'STATUS_NO_SUCH_LOGON_SESSION': macro redefinition
  C:\Program Files (x86)\Windows Kits\10\Include\10.0.15063.0\um\wincred.h(144): note: see previous definition of 'STATUS_NO_SUCH_LOGON_SESSION'
D:\GitHub\FreeRDP\winpr\include\winpr/nt.h(385): warning C4005: 'STATUS_NO_SUCH_USER': macro redefinition
  C:\Program Files (x86)\Windows Kits\10\Include\10.0.15063.0\um\wincred.h(145): note: see previous definition of 'STATUS_NO_SUCH_USER'
D:\GitHub\FreeRDP\winpr\libwinpr\sspi\NTLM\ntlm_compute.c(65): warning C4996: 'GetVersionExA': was declared deprecated
  C:\Program Files (x86)\Windows Kits\10\Include\10.0.15063.0\um\sysinfoapi.h(436): note: see declaration of 'GetVersionExA'
  ntlm_message.c
D:\GitHub\FreeRDP\winpr\include\winpr/nt.h(380): warning C4005: 'STATUS_NO_SUCH_LOGON_SESSION': macro redefinition
  C:\Program Files (x86)\Windows Kits\10\Include\10.0.15063.0\um\wincred.h(144): note: see previous definition of 'STATUS_NO_SUCH_LOGON_SESSION'
D:\GitHub\FreeRDP\winpr\include\winpr/nt.h(385): warning C4005: 'STATUS_NO_SUCH_USER': macro redefinition
  C:\Program Files (x86)\Windows Kits\10\Include\10.0.15063.0\um\wincred.h(145): note: see previous definition of 'STATUS_NO_SUCH_USER'
  kerberos.c
D:\GitHub\FreeRDP\winpr\include\winpr/nt.h(380): warning C4005: 'STATUS_NO_SUCH_LOGON_SESSION': macro redefinition
  C:\Program Files (x86)\Windows Kits\10\Include\10.0.15063.0\um\wincred.h(144): note: see previous definition of 'STATUS_NO_SUCH_LOGON_SESSION'
D:\GitHub\FreeRDP\winpr\include\winpr/nt.h(385): warning C4005: 'STATUS_NO_SUCH_USER': macro redefinition
  C:\Program Files (x86)\Windows Kits\10\Include\10.0.15063.0\um\wincred.h(145): note: see previous definition of 'STATUS_NO_SUCH_USER'
  negotiate.c
D:\GitHub\FreeRDP\winpr\include\winpr/nt.h(380): warning C4005: 'STATUS_NO_SUCH_LOGON_SESSION': macro redefinition
  C:\Program Files (x86)\Windows Kits\10\Include\10.0.15063.0\um\wincred.h(144): note: see previous definition of 'STATUS_NO_SUCH_LOGON_SESSION'
D:\GitHub\FreeRDP\winpr\include\winpr/nt.h(385): warning C4005: 'STATUS_NO_SUCH_USER': macro redefinition
  C:\Program Files (x86)\Windows Kits\10\Include\10.0.15063.0\um\wincred.h(145): note: see previous definition of 'STATUS_NO_SUCH_USER'
  schannel_openssl.c
D:\GitHub\FreeRDP\winpr\include\winpr/nt.h(380): warning C4005: 'STATUS_NO_SUCH_LOGON_SESSION': macro redefinition
  C:\Program Files (x86)\Windows Kits\10\Include\10.0.15063.0\um\wincred.h(144): note: see previous definition of 'STATUS_NO_SUCH_LOGON_SESSION'
D:\GitHub\FreeRDP\winpr\include\winpr/nt.h(385): warning C4005: 'STATUS_NO_SUCH_USER': macro redefinition
  C:\Program Files (x86)\Windows Kits\10\Include\10.0.15063.0\um\wincred.h(145): note: see previous definition of 'STATUS_NO_SUCH_USER'
  schannel.c
  sspi_winpr.c
D:\GitHub\FreeRDP\winpr\include\winpr/nt.h(380): warning C4005: 'STATUS_NO_SUCH_LOGON_SESSION': macro redefinition
  C:\Program Files (x86)\Windows Kits\10\Include\10.0.15063.0\um\wincred.h(144): note: see previous definition of 'STATUS_NO_SUCH_LOGON_SESSION'
D:\GitHub\FreeRDP\winpr\include\winpr/nt.h(385): warning C4005: 'STATUS_NO_SUCH_USER': macro redefinition
  C:\Program Files (x86)\Windows Kits\10\Include\10.0.15063.0\um\wincred.h(145): note: see previous definition of 'STATUS_NO_SUCH_USER'
  sspi_export.c
  sspi_gss.c
D:\GitHub\FreeRDP\winpr\include\winpr/nt.h(380): warning C4005: 'STATUS_NO_SUCH_LOGON_SESSION': macro redefinition
  C:\Program Files (x86)\Windows Kits\10\Include\10.0.15063.0\um\wincred.h(144): note: see previous definition of 'STATUS_NO_SUCH_LOGON_SESSION'
D:\GitHub\FreeRDP\winpr\include\winpr/nt.h(385): warning C4005: 'STATUS_NO_SUCH_USER': macro redefinition
  C:\Program Files (x86)\Windows Kits\10\Include\10.0.15063.0\um\wincred.h(145): note: see previous definition of 'STATUS_NO_SUCH_USER'
  sspi.c
D:\GitHub\FreeRDP\winpr\include\winpr/nt.h(380): warning C4005: 'STATUS_NO_SUCH_LOGON_SESSION': macro redefinition
  C:\Program Files (x86)\Windows Kits\10\Include\10.0.15063.0\um\wincred.h(144): note: see previous definition of 'STATUS_NO_SUCH_LOGON_SESSION'
D:\GitHub\FreeRDP\winpr\include\winpr/nt.h(385): warning C4005: 'STATUS_NO_SUCH_USER': macro redefinition
  C:\Program Files (x86)\Windows Kits\10\Include\10.0.15063.0\um\wincred.h(145): note: see previous definition of 'STATUS_NO_SUCH_USER'
  winhttp.c
  asn1.c
  sspicli.c
  alignment.c
  conversion.c
  buffer.c
  unicode.c
  string.c
D:\GitHub\FreeRDP\winpr\include\winpr/nt.h(380): warning C4005: 'STATUS_NO_SUCH_LOGON_SESSION': macro redefinition
  C:\Program Files (x86)\Windows Kits\10\Include\10.0.15063.0\um\wincred.h(144): note: see previous definition of 'STATUS_NO_SUCH_LOGON_SESSION'
D:\GitHub\FreeRDP\winpr\include\winpr/nt.h(385): warning C4005: 'STATUS_NO_SUCH_USER': macro redefinition
  C:\Program Files (x86)\Windows Kits\10\Include\10.0.15063.0\um\wincred.h(145): note: see previous definition of 'STATUS_NO_SUCH_USER'
  utf.c
D:\GitHub\FreeRDP\winpr\libwinpr\crt\utf.c(631): warning C4244: '=': conversion from 'unsigned long' to 'WCHAR', possible loss of data
D:\GitHub\FreeRDP\winpr\libwinpr\crt\utf.c(634): warning C4244: '=': conversion from 'unsigned long' to 'WCHAR', possible loss of data
  bcrypt.c
  Generating Code...
  Compiling...
  rpc.c
  ndr.c
  ndr_array.c
D:\GitHub\FreeRDP\winpr\include\winpr/nt.h(380): warning C4005: 'STATUS_NO_SUCH_LOGON_SESSION': macro redefinition
  C:\Program Files (x86)\Windows Kits\10\Include\10.0.15063.0\um\wincred.h(144): note: see previous definition of 'STATUS_NO_SUCH_LOGON_SESSION'
D:\GitHub\FreeRDP\winpr\include\winpr/nt.h(385): warning C4005: 'STATUS_NO_SUCH_USER': macro redefinition
  C:\Program Files (x86)\Windows Kits\10\Include\10.0.15063.0\um\wincred.h(145): note: see previous definition of 'STATUS_NO_SUCH_USER'
  ndr_context.c
  ndr_correlation.c
  ndr_pointer.c
  ndr_private.c
  ndr_simple.c
  ndr_string.c
  ndr_structure.c
  ndr_union.c
  midl.c
  credui.c
D:\GitHub\FreeRDP\winpr\include\winpr/nt.h(380): warning C4005: 'STATUS_NO_SUCH_LOGON_SESSION': macro redefinition
  C:\Program Files (x86)\Windows Kits\10\Include\10.0.15063.0\um\wincred.h(144): note: see previous definition of 'STATUS_NO_SUCH_LOGON_SESSION'
D:\GitHub\FreeRDP\winpr\include\winpr/nt.h(385): warning C4005: 'STATUS_NO_SUCH_USER': macro redefinition
  C:\Program Files (x86)\Windows Kits\10\Include\10.0.15063.0\um\wincred.h(145): note: see previous definition of 'STATUS_NO_SUCH_USER'
  wtsapi.c
D:\GitHub\FreeRDP\winpr\include\winpr/nt.h(380): warning C4005: 'STATUS_NO_SUCH_LOGON_SESSION': macro redefinition
  C:\Program Files (x86)\Windows Kits\10\Include\10.0.15063.0\um\wincred.h(144): note: see previous definition of 'STATUS_NO_SUCH_LOGON_SESSION'
D:\GitHub\FreeRDP\winpr\include\winpr/nt.h(385): warning C4005: 'STATUS_NO_SUCH_USER': macro redefinition
  C:\Program Files (x86)\Windows Kits\10\Include\10.0.15063.0\um\wincred.h(145): note: see previous definition of 'STATUS_NO_SUCH_USER'
  wtsapi_win32.c
D:\GitHub\FreeRDP\winpr\include\winpr/nt.h(380): warning C4005: 'STATUS_NO_SUCH_LOGON_SESSION': macro redefinition
  C:\Program Files (x86)\Windows Kits\10\Include\10.0.15063.0\um\wincred.h(144): note: see previous definition of 'STATUS_NO_SUCH_LOGON_SESSION'
D:\GitHub\FreeRDP\winpr\include\winpr/nt.h(385): warning C4005: 'STATUS_NO_SUCH_USER': macro redefinition
  C:\Program Files (x86)\Windows Kits\10\Include\10.0.15063.0\um\wincred.h(145): note: see previous definition of 'STATUS_NO_SUCH_USER'
  dsparse.c
  wnd.c
D:\GitHub\FreeRDP\winpr\include\winpr/nt.h(380): warning C4005: 'STATUS_NO_SUCH_LOGON_SESSION': macro redefinition
  C:\Program Files (x86)\Windows Kits\10\Include\10.0.15063.0\um\wincred.h(144): note: see previous definition of 'STATUS_NO_SUCH_LOGON_SESSION'
D:\GitHub\FreeRDP\winpr\include\winpr/nt.h(385): warning C4005: 'STATUS_NO_SUCH_USER': macro redefinition
  C:\Program Files (x86)\Windows Kits\10\Include\10.0.15063.0\um\wincred.h(145): note: see previous definition of 'STATUS_NO_SUCH_USER'
  smartcard.c
D:\GitHub\FreeRDP\winpr\include\winpr/nt.h(380): warning C4005: 'STATUS_NO_SUCH_LOGON_SESSION': macro redefinition
  C:\Program Files (x86)\Windows Kits\10\Include\10.0.15063.0\um\wincred.h(144): note: see previous definition of 'STATUS_NO_SUCH_LOGON_SESSION'
D:\GitHub\FreeRDP\winpr\include\winpr/nt.h(385): warning C4005: 'STATUS_NO_SUCH_USER': macro redefinition
  C:\Program Files (x86)\Windows Kits\10\Include\10.0.15063.0\um\wincred.h(145): note: see previous definition of 'STATUS_NO_SUCH_USER'
  smartcard_pcsc.c
  smartcard_inspect.c
D:\GitHub\FreeRDP\winpr\include\winpr/nt.h(380): warning C4005: 'STATUS_NO_SUCH_LOGON_SESSION': macro redefinition
  C:\Program Files (x86)\Windows Kits\10\Include\10.0.15063.0\um\wincred.h(144): note: see previous definition of 'STATUS_NO_SUCH_LOGON_SESSION'
D:\GitHub\FreeRDP\winpr\include\winpr/nt.h(385): warning C4005: 'STATUS_NO_SUCH_USER': macro redefinition
  C:\Program Files (x86)\Windows Kits\10\Include\10.0.15063.0\um\wincred.h(145): note: see previous definition of 'STATUS_NO_SUCH_USER'
  Generating Code...
  Compiling...
  smartcard_winscard.c
  nt.c
D:\GitHub\FreeRDP\winpr\include\winpr/nt.h(380): warning C4005: 'STATUS_NO_SUCH_LOGON_SESSION': macro redefinition
  C:\Program Files (x86)\Windows Kits\10\Include\10.0.15063.0\um\wincred.h(144): note: see previous definition of 'STATUS_NO_SUCH_LOGON_SESSION'
D:\GitHub\FreeRDP\winpr\include\winpr/nt.h(385): warning C4005: 'STATUS_NO_SUCH_USER': macro redefinition
  C:\Program Files (x86)\Windows Kits\10\Include\10.0.15063.0\um\wincred.h(145): note: see previous definition of 'STATUS_NO_SUCH_USER'
  synthetic.c
D:\GitHub\FreeRDP\winpr\include\winpr/nt.h(380): warning C4005: 'STATUS_NO_SUCH_LOGON_SESSION': macro redefinition
  C:\Program Files (x86)\Windows Kits\10\Include\10.0.15063.0\um\wincred.h(144): note: see previous definition of 'STATUS_NO_SUCH_LOGON_SESSION'
D:\GitHub\FreeRDP\winpr\include\winpr/nt.h(385): warning C4005: 'STATUS_NO_SUCH_USER': macro redefinition
  C:\Program Files (x86)\Windows Kits\10\Include\10.0.15063.0\um\wincred.h(145): note: see previous definition of 'STATUS_NO_SUCH_USER'
D:\GitHub\FreeRDP\winpr\libwinpr\clipboard\synthetic.c(173): warning C4244: 'function': conversion from 'INT64' to 'int', possible loss of data
D:\GitHub\FreeRDP\winpr\libwinpr\clipboard\synthetic.c(178): warning C4244: 'function': conversion from 'INT64' to 'int', possible loss of data
D:\GitHub\FreeRDP\winpr\libwinpr\clipboard\synthetic.c(179): warning C4244: '=': conversion from 'INT64' to 'UINT32', possible loss of data
D:\GitHub\FreeRDP\winpr\libwinpr\clipboard\synthetic.c(188): warning C4244: 'function': conversion from 'INT64' to '::size_t', possible loss of data
D:\GitHub\FreeRDP\winpr\libwinpr\clipboard\synthetic.c(193): warning C4244: 'function': conversion from 'INT64' to '::size_t', possible loss of data
D:\GitHub\FreeRDP\winpr\libwinpr\clipboard\synthetic.c(194): warning C4244: 'function': conversion from 'INT64' to 'int', possible loss of data
D:\GitHub\FreeRDP\winpr\libwinpr\clipboard\synthetic.c(195): warning C4244: '=': conversion from 'INT64' to 'UINT32', possible loss of data
D:\GitHub\FreeRDP\winpr\libwinpr\clipboard\synthetic.c(343): warning C4244: 'function': conversion from 'INT64' to 'int', possible loss of data
D:\GitHub\FreeRDP\winpr\libwinpr\clipboard\synthetic.c(350): warning C4244: 'function': conversion from 'INT64' to 'int', possible loss of data
D:\GitHub\FreeRDP\winpr\libwinpr\clipboard\synthetic.c(356): warning C4244: 'function': conversion from 'INT64' to '::size_t', possible loss of data
D:\GitHub\FreeRDP\winpr\libwinpr\clipboard\synthetic.c(361): warning C4244: 'function': conversion from 'INT64' to '::size_t', possible loss of data
D:\GitHub\FreeRDP\winpr\libwinpr\clipboard\synthetic.c(364): warning C4244: 'function': conversion from 'INT64' to '::size_t', possible loss of data
D:\GitHub\FreeRDP\winpr\libwinpr\clipboard\synthetic.c(453): warning C4244: 'function': conversion from 'INT64' to '::size_t', possible loss of data
  clipboard.c
D:\GitHub\FreeRDP\winpr\include\winpr/nt.h(380): warning C4005: 'STATUS_NO_SUCH_LOGON_SESSION': macro redefinition
  C:\Program Files (x86)\Windows Kits\10\Include\10.0.15063.0\um\wincred.h(144): note: see previous definition of 'STATUS_NO_SUCH_LOGON_SESSION'
D:\GitHub\FreeRDP\winpr\include\winpr/nt.h(385): warning C4005: 'STATUS_NO_SUCH_USER': macro redefinition
  C:\Program Files (x86)\Windows Kits\10\Include\10.0.15063.0\um\wincred.h(145): note: see previous definition of 'STATUS_NO_SUCH_USER'
  Generating Code...
  timer.c
D:\GitHub\FreeRDP\winpr\include\winpr/nt.h(380): warning C4005: 'STATUS_NO_SUCH_LOGON_SESSION': macro redefinition
  C:\Program Files (x86)\Windows Kits\10\Include\10.0.15063.0\um\wincred.h(144): note: see previous definition of 'STATUS_NO_SUCH_LOGON_SESSION'
D:\GitHub\FreeRDP\winpr\include\winpr/nt.h(385): warning C4005: 'STATUS_NO_SUCH_USER': macro redefinition
  C:\Program Files (x86)\Windows Kits\10\Include\10.0.15063.0\um\wincred.h(145): note: see previous definition of 'STATUS_NO_SUCH_USER'
  shell.c
D:\GitHub\FreeRDP\winpr\include\winpr/nt.h(380): warning C4005: 'STATUS_NO_SUCH_LOGON_SESSION': macro redefinition
  C:\Program Files (x86)\Windows Kits\10\Include\10.0.15063.0\um\wincred.h(144): note: see previous definition of 'STATUS_NO_SUCH_LOGON_SESSION'
D:\GitHub\FreeRDP\winpr\include\winpr/nt.h(385): warning C4005: 'STATUS_NO_SUCH_USER': macro redefinition
  C:\Program Files (x86)\Windows Kits\10\Include\10.0.15063.0\um\wincred.h(145): note: see previous definition of 'STATUS_NO_SUCH_USER'
  io.c
  memory.c
D:\GitHub\FreeRDP\winpr\include\winpr/nt.h(380): warning C4005: 'STATUS_NO_SUCH_LOGON_SESSION': macro redefinition
  C:\Program Files (x86)\Windows Kits\10\Include\10.0.15063.0\um\wincred.h(144): note: see previous definition of 'STATUS_NO_SUCH_LOGON_SESSION'
D:\GitHub\FreeRDP\winpr\include\winpr/nt.h(385): warning C4005: 'STATUS_NO_SUCH_USER': macro redefinition
  C:\Program Files (x86)\Windows Kits\10\Include\10.0.15063.0\um\wincred.h(145): note: see previous definition of 'STATUS_NO_SUCH_USER'
  shell.c
  ntlm.c
  timer.c
D:\GitHub\FreeRDP\winpr\include\winpr/nt.h(380): warning C4005: 'STATUS_NO_SUCH_LOGON_SESSION': macro redefinition
  C:\Program Files (x86)\Windows Kits\10\Include\10.0.15063.0\um\wincred.h(144): note: see previous definition of 'STATUS_NO_SUCH_LOGON_SESSION'
D:\GitHub\FreeRDP\winpr\include\winpr/nt.h(385): warning C4005: 'STATUS_NO_SUCH_USER': macro redefinition
  C:\Program Files (x86)\Windows Kits\10\Include\10.0.15063.0\um\wincred.h(145): note: see previous definition of 'STATUS_NO_SUCH_USER'
  io.c
D:\GitHub\FreeRDP\winpr\include\winpr/nt.h(380): warning C4005: 'STATUS_NO_SUCH_LOGON_SESSION': macro redefinition
  C:\Program Files (x86)\Windows Kits\10\Include\10.0.15063.0\um\wincred.h(144): note: see previous definition of 'STATUS_NO_SUCH_LOGON_SESSION'
D:\GitHub\FreeRDP\winpr\include\winpr/nt.h(385): warning C4005: 'STATUS_NO_SUCH_USER': macro redefinition
  C:\Program Files (x86)\Windows Kits\10\Include\10.0.15063.0\um\wincred.h(145): note: see previous definition of 'STATUS_NO_SUCH_USER'
  ntlm.c
D:\GitHub\FreeRDP\winpr\include\winpr/nt.h(380): warning C4005: 'STATUS_NO_SUCH_LOGON_SESSION': macro redefinition
  C:\Program Files (x86)\Windows Kits\10\Include\10.0.15063.0\um\wincred.h(144): note: see previous definition of 'STATUS_NO_SUCH_LOGON_SESSION'
D:\GitHub\FreeRDP\winpr\include\winpr/nt.h(385): warning C4005: 'STATUS_NO_SUCH_USER': macro redefinition
  C:\Program Files (x86)\Windows Kits\10\Include\10.0.15063.0\um\wincred.h(145): note: see previous definition of 'STATUS_NO_SUCH_USER'
  memory.c
     Creating library D:/GitHub/FreeRDP/Debug/winpr2.lib and object D:/GitHub/FreeRDP/Debug/winpr2.exp
  winpr.vcxproj -> D:\GitHub\FreeRDP\Debug\winpr2.dll
  winpr.vcxproj -> D:/GitHub/FreeRDP/Debug/winpr2.pdb (Full PDB)
