  rdtk_resources.c
D:\GitHub\FreeRDP\winpr\include\winpr/nt.h(380): warning C4005: STATUS_NO_SUCH_LOGON_SESSION: изменение макроопределения
  C:\Program Files (x86)\Windows Kits\10\Include\10.0.15063.0\um\wincred.h(144): note: см. предыдущее определение "STATUS_NO_SUCH_LOGON_SESSION"
D:\GitHub\FreeRDP\winpr\include\winpr/nt.h(385): warning C4005: STATUS_NO_SUCH_USER: изменение макроопределения
  C:\Program Files (x86)\Windows Kits\10\Include\10.0.15063.0\um\wincred.h(145): note: см. предыдущее определение "STATUS_NO_SUCH_USER"
  rdtk_surface.c
D:\GitHub\FreeRDP\winpr\include\winpr/nt.h(380): warning C4005: STATUS_NO_SUCH_LOGON_SESSION: изменение макроопределения
  C:\Program Files (x86)\Windows Kits\10\Include\10.0.15063.0\um\wincred.h(144): note: см. предыдущее определение "STATUS_NO_SUCH_LOGON_SESSION"
D:\GitHub\FreeRDP\winpr\include\winpr/nt.h(385): warning C4005: STATUS_NO_SUCH_USER: изменение макроопределения
  C:\Program Files (x86)\Windows Kits\10\Include\10.0.15063.0\um\wincred.h(145): note: см. предыдущее определение "STATUS_NO_SUCH_USER"
  rdtk_font.c
D:\GitHub\FreeRDP\winpr\include\winpr/nt.h(380): warning C4005: STATUS_NO_SUCH_LOGON_SESSION: изменение макроопределения
  C:\Program Files (x86)\Windows Kits\10\Include\10.0.15063.0\um\wincred.h(144): note: см. предыдущее определение "STATUS_NO_SUCH_LOGON_SESSION"
D:\GitHub\FreeRDP\winpr\include\winpr/nt.h(385): warning C4005: STATUS_NO_SUCH_USER: изменение макроопределения
  C:\Program Files (x86)\Windows Kits\10\Include\10.0.15063.0\um\wincred.h(145): note: см. предыдущее определение "STATUS_NO_SUCH_USER"
D:\GitHub\FreeRDP\rdtk\librdtk\rdtk_font.c(163): warning C4244: =: преобразование "__int64" в "::size_t", возможна потеря данных
  rdtk_button.c
D:\GitHub\FreeRDP\winpr\include\winpr/nt.h(380): warning C4005: STATUS_NO_SUCH_LOGON_SESSION: изменение макроопределения
  C:\Program Files (x86)\Windows Kits\10\Include\10.0.15063.0\um\wincred.h(144): note: см. предыдущее определение "STATUS_NO_SUCH_LOGON_SESSION"
D:\GitHub\FreeRDP\winpr\include\winpr/nt.h(385): warning C4005: STATUS_NO_SUCH_USER: изменение макроопределения
  C:\Program Files (x86)\Windows Kits\10\Include\10.0.15063.0\um\wincred.h(145): note: см. предыдущее определение "STATUS_NO_SUCH_USER"
  rdtk_label.c
D:\GitHub\FreeRDP\winpr\include\winpr/nt.h(380): warning C4005: STATUS_NO_SUCH_LOGON_SESSION: изменение макроопределения
  C:\Program Files (x86)\Windows Kits\10\Include\10.0.15063.0\um\wincred.h(144): note: см. предыдущее определение "STATUS_NO_SUCH_LOGON_SESSION"
D:\GitHub\FreeRDP\winpr\include\winpr/nt.h(385): warning C4005: STATUS_NO_SUCH_USER: изменение макроопределения
  C:\Program Files (x86)\Windows Kits\10\Include\10.0.15063.0\um\wincred.h(145): note: см. предыдущее определение "STATUS_NO_SUCH_USER"
  rdtk_nine_patch.c
D:\GitHub\FreeRDP\winpr\include\winpr/nt.h(380): warning C4005: STATUS_NO_SUCH_LOGON_SESSION: изменение макроопределения
  C:\Program Files (x86)\Windows Kits\10\Include\10.0.15063.0\um\wincred.h(144): note: см. предыдущее определение "STATUS_NO_SUCH_LOGON_SESSION"
D:\GitHub\FreeRDP\winpr\include\winpr/nt.h(385): warning C4005: STATUS_NO_SUCH_USER: изменение макроопределения
  C:\Program Files (x86)\Windows Kits\10\Include\10.0.15063.0\um\wincred.h(145): note: см. предыдущее определение "STATUS_NO_SUCH_USER"
  rdtk_text_field.c
D:\GitHub\FreeRDP\winpr\include\winpr/nt.h(380): warning C4005: STATUS_NO_SUCH_LOGON_SESSION: изменение макроопределения
  C:\Program Files (x86)\Windows Kits\10\Include\10.0.15063.0\um\wincred.h(144): note: см. предыдущее определение "STATUS_NO_SUCH_LOGON_SESSION"
D:\GitHub\FreeRDP\winpr\include\winpr/nt.h(385): warning C4005: STATUS_NO_SUCH_USER: изменение макроопределения
  C:\Program Files (x86)\Windows Kits\10\Include\10.0.15063.0\um\wincred.h(145): note: см. предыдущее определение "STATUS_NO_SUCH_USER"
  rdtk_engine.c
D:\GitHub\FreeRDP\winpr\include\winpr/nt.h(380): warning C4005: STATUS_NO_SUCH_LOGON_SESSION: изменение макроопределения
  C:\Program Files (x86)\Windows Kits\10\Include\10.0.15063.0\um\wincred.h(144): note: см. предыдущее определение "STATUS_NO_SUCH_LOGON_SESSION"
D:\GitHub\FreeRDP\winpr\include\winpr/nt.h(385): warning C4005: STATUS_NO_SUCH_USER: изменение макроопределения
  C:\Program Files (x86)\Windows Kits\10\Include\10.0.15063.0\um\wincred.h(145): note: см. предыдущее определение "STATUS_NO_SUCH_USER"
  Создание кода...
  rdtk.vcxproj -> D:\GitHub\FreeRDP\Debug\rdtk.lib
